2024-08-26 00:13:26.127 [info] [main] Log level: Info
2024-08-26 00:13:26.127 [info] [main] Validating found git in: "git"
2024-08-26 00:13:26.127 [info] [main] Using git "2.46.0" from "git"
2024-08-26 00:13:26.127 [info] [Model][doInitialScan] Initial repository scan started
2024-08-26 00:13:26.127 [info] > git rev-parse --show-toplevel [2ms]
2024-08-26 00:13:26.127 [info] > git rev-parse --git-dir --git-common-dir [2ms]
2024-08-26 00:13:26.127 [info] [Model][openRepository] Opened repository: /home/aiery/repos/cpp-calculator
2024-08-26 00:13:26.127 [info] [Model][doInitialScan] Initial repository scan completed - repositories (1), closed repositories (0), parent repositories (0), unsafe repositories (0)
2024-08-26 00:13:26.167 [info] > git config --get commit.template [37ms]
2024-08-26 00:13:26.187 [info] > git for-each-ref --format=%(refname)%00%(upstream:short)%00%(objectname)%00%(upstream:track)%00%(upstream:remotename)%00%(upstream:remoteref) refs/heads/main refs/remotes/main [9ms]
2024-08-26 00:13:26.190 [warning] [Git][revParse] Unable to read file: ENOENT: no such file or directory, open '/home/aiery/repos/cpp-calculator/.git/refs/remotes/origin/main'
2024-08-26 00:13:26.191 [info] > git rev-parse refs/remotes/origin/main [1ms]
2024-08-26 00:13:26.196 [info] > git status -z -uall [1ms]
2024-08-26 00:13:26.209 [info] > git for-each-ref --format=%(refname)%00%(upstream:short)%00%(objectname)%00%(upstream:track)%00%(upstream:remotename)%00%(upstream:remoteref) refs/heads/main refs/remotes/main [9ms]
2024-08-26 00:13:26.213 [info] > git config --get commit.template [7ms]
2024-08-26 00:13:26.213 [info] > git config --local branch.main.vscode-merge-base [1ms]
2024-08-26 00:13:26.226 [info] > git for-each-ref --format=%(refname)%00%(upstream:short)%00%(objectname)%00%(upstream:track)%00%(upstream:remotename)%00%(upstream:remoteref) refs/heads/origin/main refs/remotes/origin/main [10ms]
2024-08-26 00:13:26.231 [info] > git merge-base refs/heads/main refs/remotes/origin/main [1ms]
2024-08-26 00:13:26.235 [info] > git for-each-ref --format=%(refname)%00%(upstream:short)%00%(objectname)%00%(upstream:track)%00%(upstream:remotename)%00%(upstream:remoteref) refs/heads/main refs/remotes/main [9ms]
2024-08-26 00:13:26.238 [warning] [Git][revParse] Unable to read file: ENOENT: no such file or directory, open '/home/aiery/repos/cpp-calculator/.git/refs/remotes/origin/main'
2024-08-26 00:13:26.239 [info] > git rev-list --count --left-right refs/heads/main...refs/remotes/origin/main [4ms]
2024-08-26 00:13:26.243 [info] > git rev-parse refs/remotes/origin/main [5ms]
2024-08-26 00:13:26.246 [info] > git diff --name-status -z --diff-filter=ADMR 30622b9ebeee9c3faadc4fddaf0285a3fa580b81...refs/remotes/origin/main [4ms]
2024-08-26 00:13:26.247 [info] > git status -z -uall [2ms]
2024-08-26 00:13:26.251 [info] > git for-each-ref --format=%(refname)%00%(upstream:short)%00%(objectname)%00%(upstream:track)%00%(upstream:remotename)%00%(upstream:remoteref) refs/heads/main refs/remotes/main [1ms]
2024-08-26 00:13:26.256 [info] > git config --local branch.main.vscode-merge-base [1ms]
2024-08-26 00:13:26.260 [info] > git for-each-ref --format=%(refname)%00%(upstream:short)%00%(objectname)%00%(upstream:track)%00%(upstream:remotename)%00%(upstream:remoteref) refs/heads/origin/main refs/remotes/origin/main [2ms]
2024-08-26 00:13:26.672 [info] > git check-ignore -v -z --stdin [1ms]
2024-08-26 00:13:30.260 [info] > git show --textconv :main.cpp [4ms]
2024-08-26 00:13:30.261 [info] > git ls-files --stage -- /home/aiery/repos/cpp-calculator/main.cpp [1ms]
2024-08-26 00:13:30.265 [info] > git cat-file -s 5e8c8b2ba29579aae0800657dcfb7dd7e813b48e [1ms]
2024-08-26 00:14:04.708 [info] > git show --textconv :main.cpp [4ms]
2024-08-26 00:14:04.708 [info] > git ls-files --stage -- /home/aiery/repos/cpp-calculator/main.cpp [1ms]
2024-08-26 00:14:04.712 [info] > git cat-file -s 5e8c8b2ba29579aae0800657dcfb7dd7e813b48e [1ms]
